Arguments: 
  C:\Program Files\nodejs\node.exe C:\Users\Mo Saber\AppData\Roaming\npm\node_modules\yarn\bin\yarn.js add react-google-login@latest

PATH: 
  C:\Program Files (x86)\Common Files\Intel\Shared Libraries\redist\intel64_win\compiler;C:\WINDOWS\system32;C:\WINDOWS;C:\WINDOWS\System32\Wbem;C:\WINDOWS\System32\WindowsPowerShell\v1.0\;C:\WINDOWS\System32\OpenSSH\;C:\Program Files\nodejs\;C:\Users\Mo Saber\AppData\Local\Microsoft\WindowsApps;;C:\Users\Mo Saber\AppData\Local\Programs\Microsoft VS Code\bin;C:\Users\Mo Saber\AppData\Roaming\npm

Yarn version: 
  1.22.19

Node version: 
  20.9.0

Platform: 
  win32 x64

Trace: 
  Error: https://registry.yarnpkg.com/@babel/plugin-transform-typeof-symbol/-/plugin-transform-typeof-symbol-7.23.3.tgz: Request failed "502 Bad Gateway"
      at ResponseError.ExtendableBuiltin (C:\Users\Mo Saber\AppData\Roaming\npm\node_modules\yarn\lib\cli.js:696:66)
      at new ResponseError (C:\Users\Mo Saber\AppData\Roaming\npm\node_modules\yarn\lib\cli.js:802:124)
      at Request.<anonymous> (C:\Users\Mo Saber\AppData\Roaming\npm\node_modules\yarn\lib\cli.js:66215:16)
      at Request.emit (node:events:514:28)
      at module.exports.Request.onRequestResponse (C:\Users\Mo Saber\AppData\Roaming\npm\node_modules\yarn\lib\cli.js:141767:10)
      at ClientRequest.emit (node:events:514:28)
      at HTTPParser.parserOnIncomingClient (node:_http_client:693:27)
      at HTTPParser.parserOnHeadersComplete (node:_http_common:119:17)
      at TLSSocket.socketOnData (node:_http_client:535:22)
      at TLSSocket.emit (node:events:514:28)

npm manifest: 
  {
    "name": "myfinal",
    "version": "0.1.0",
    "private": true,
    "dependencies": {
      "@googlemaps/js-api-loader": "^1.16.2",
      "@googlemaps/react-wrapper": "^1.1.35",
      "@react-icons/all-files": "^4.1.0",
      "@testing-library/jest-dom": "^5.17.0",
      "@testing-library/react": "^13.4.0",
      "@testing-library/user-event": "^13.5.0",
      "google-maps-react": "^2.0.6",
      "i18next": "^23.6.0",
      "react": "^18.2.0",
      "react-dom": "^18.2.0",
      "react-i18next": "^13.3.1",
      "react-icons": "^4.11.0",
      "react-router-dom": "^6.18.0",
      "react-scripts": "5.0.1",
      "web-vitals": "^2.1.4"
    },
    "scripts": {
      "start": "react-scripts start",
      "build": "react-scripts build",
      "test": "react-scripts test",
      "eject": "react-scripts eject"
    },
    "eslintConfig": {
      "extends": [
        "react-app",
        "react-app/jest"
      ]
    },
    "browserslist": {
      "production": [
        ">0.2%",
        "not dead",
        "not op_mini all"
      ],
      "development": [
        "last 1 chrome version",
        "last 1 firefox version",
        "last 1 safari version"
      ]
    },
    "devDependencies": {
      "@types/google.maps": "^3.54.6"
    },
    "description": "This project was bootstrapped with [Create React App](https://github.com/facebook/create-react-app).",
    "main": "index.js",
    "author": "",
    "license": "ISC"
  }

yarn manifest: 
  No manifest

Lockfile: 
  No lockfile
